2023-06-27T16:03:46.789+05:30  INFO 23768 --- [restartedMain] c.i.InfymemobileUserApplication          : Starting InfymemobileUserApplication using Java 17.0.4.1 with PID 23768 (C:\Users\yalamilli.r\Downloads\infymemobile-user\infymemobile-user\target\classes started by yalamilli.r in C:\Users\yalamilli.r\Downloads\infymemobile-user\infymemobile-user)
2023-06-27T16:03:46.793+05:30  INFO 23768 --- [restartedMain] c.i.InfymemobileUserApplication          : No active profile set, falling back to 1 default profile: "default"
2023-06-27T16:03:46.897+05:30  INFO 23768 --- [restartedMain] .e.DevToolsPropertyDefaultsPostProcessor : Devtools property defaults active! Set 'spring.devtools.add-properties' to 'false' to disable
2023-06-27T16:03:46.898+05:30  INFO 23768 --- [restartedMain] .e.DevToolsPropertyDefaultsPostProcessor : For additional web related logging consider setting the 'logging.level.web' property to 'DEBUG'
2023-06-27T16:03:47.021+05:30  WARN 23768 --- [restartedMain] ConfigServletWebServerApplicationContext : Exception encountered during context initialization - cancelling refresh attempt: org.springframework.beans.factory.BeanDefinitionStoreException: Failed to parse configuration class [com.infymemobileuser.InfymemobileUserApplication]
2023-06-27T16:03:47.206+05:30 ERROR 23768 --- [restartedMain] o.s.boot.SpringApplication               : Application run failed

org.springframework.beans.factory.BeanDefinitionStoreException: Failed to parse configuration class [com.infymemobileuser.InfymemobileUserApplication]
	at org.springframework.context.annotation.ConfigurationClassParser.parse(ConfigurationClassParser.java:178) ~[spring-context-6.0.10.jar:6.0.10]
	at org.springframework.context.annotation.ConfigurationClassPostProcessor.processConfigBeanDefinitions(ConfigurationClassPostProcessor.java:415) ~[spring-context-6.0.10.jar:6.0.10]
	at org.springframework.context.annotation.ConfigurationClassPostProcessor.postProcessBeanDefinitionRegistry(ConfigurationClassPostProcessor.java:287) ~[spring-context-6.0.10.jar:6.0.10]
	at org.springframework.context.support.PostProcessorRegistrationDelegate.invokeBeanDefinitionRegistryPostProcessors(PostProcessorRegistrationDelegate.java:344) ~[spring-context-6.0.10.jar:6.0.10]
	at org.springframework.context.support.PostProcessorRegistrationDelegate.invokeBeanFactoryPostProcessors(PostProcessorRegistrationDelegate.java:115) ~[spring-context-6.0.10.jar:6.0.10]
	at org.springframework.context.support.AbstractApplicationContext.invokeBeanFactoryPostProcessors(AbstractApplicationContext.java:771) ~[spring-context-6.0.10.jar:6.0.10]
	at org.springframework.context.support.AbstractApplicationContext.refresh(AbstractApplicationContext.java:589) ~[spring-context-6.0.10.jar:6.0.10]
	at org.springframework.boot.web.servlet.context.ServletWebServerApplicationContext.refresh(ServletWebServerApplicationContext.java:146) ~[spring-boot-3.1.1.jar:3.1.1]
	at org.springframework.boot.SpringApplication.refresh(SpringApplication.java:734) ~[spring-boot-3.1.1.jar:3.1.1]
	at org.springframework.boot.SpringApplication.refreshContext(SpringApplication.java:436) ~[spring-boot-3.1.1.jar:3.1.1]
	at org.springframework.boot.SpringApplication.run(SpringApplication.java:312) ~[spring-boot-3.1.1.jar:3.1.1]
	at org.springframework.boot.SpringApplication.run(SpringApplication.java:1306) ~[spring-boot-3.1.1.jar:3.1.1]
	at org.springframework.boot.SpringApplication.run(SpringApplication.java:1295) ~[spring-boot-3.1.1.jar:3.1.1]
	at com.infymemobileuser.InfymemobileUserApplication.main(InfymemobileUserApplication.java:12) ~[classes/:na]
	at java.base/jdk.internal.reflect.NativeMethodAccessorImpl.invoke0(Native Method) ~[na:na]
	at java.base/jdk.internal.reflect.NativeMethodAccessorImpl.invoke(NativeMethodAccessorImpl.java:77) ~[na:na]
	at java.base/jdk.internal.reflect.DelegatingMethodAccessorImpl.invoke(DelegatingMethodAccessorImpl.java:43) ~[na:na]
	at java.base/java.lang.reflect.Method.invoke(Method.java:568) ~[na:na]
	at org.springframework.boot.devtools.restart.RestartLauncher.run(RestartLauncher.java:50) ~[spring-boot-devtools-3.1.1.jar:3.1.1]
Caused by: java.io.FileNotFoundException: class path resource [messages.properties] cannot be opened because it does not exist
	at org.springframework.core.io.ClassPathResource.getInputStream(ClassPathResource.java:211) ~[spring-core-6.0.10.jar:6.0.10]
	at org.springframework.core.io.support.EncodedResource.getInputStream(EncodedResource.java:160) ~[spring-core-6.0.10.jar:6.0.10]
	at org.springframework.core.io.support.PropertiesLoaderUtils.fillProperties(PropertiesLoaderUtils.java:100) ~[spring-core-6.0.10.jar:6.0.10]
	at org.springframework.core.io.support.PropertiesLoaderUtils.fillProperties(PropertiesLoaderUtils.java:74) ~[spring-core-6.0.10.jar:6.0.10]
	at org.springframework.core.io.support.PropertiesLoaderUtils.loadProperties(PropertiesLoaderUtils.java:60) ~[spring-core-6.0.10.jar:6.0.10]
	at org.springframework.core.io.support.ResourcePropertySource.<init>(ResourcePropertySource.java:67) ~[spring-core-6.0.10.jar:6.0.10]
	at org.springframework.core.io.support.DefaultPropertySourceFactory.createPropertySource(DefaultPropertySourceFactory.java:37) ~[spring-core-6.0.10.jar:6.0.10]
	at org.springframework.core.io.support.PropertySourceProcessor.processPropertySource(PropertySourceProcessor.java:87) ~[spring-core-6.0.10.jar:6.0.10]
	at org.springframework.context.annotation.PropertySourceRegistry.processPropertySource(PropertySourceRegistry.java:77) ~[spring-context-6.0.10.jar:6.0.10]
	at org.springframework.context.annotation.ConfigurationClassParser.doProcessConfigurationClass(ConfigurationClassParser.java:273) ~[spring-context-6.0.10.jar:6.0.10]
	at org.springframework.context.annotation.ConfigurationClassParser.processConfigurationClass(ConfigurationClassParser.java:243) ~[spring-context-6.0.10.jar:6.0.10]
	at org.springframework.context.annotation.ConfigurationClassParser.parse(ConfigurationClassParser.java:196) ~[spring-context-6.0.10.jar:6.0.10]
	at org.springframework.context.annotation.ConfigurationClassParser.parse(ConfigurationClassParser.java:164) ~[spring-context-6.0.10.jar:6.0.10]
	... 18 common frames omitted

